<?xml version="1.0" encoding="UTF-8"?>
<testsuite name="BSCalculatorHandlerTest" tests="4" skipped="0" failures="0" errors="0" timestamp="2022-06-26T14:58:51" hostname="BLCKRBBT" time="0.034">
  <properties/>
  <testcase name="calculate()" classname="BSCalculatorHandlerTest" time="0.026"/>
  <testcase name="factor()" classname="BSCalculatorHandlerTest" time="0.004"/>
  <testcase name="multiply()" classname="BSCalculatorHandlerTest" time="0.002"/>
  <testcase name="getToken()" classname="BSCalculatorHandlerTest" time="0.001"/>
  <system-out><![CDATA[]]></system-out>
  <system-err><![CDATA[]]></system-err>
</testsuite>
